Release 14.7 - xst P.20131013 (nt64)
Copyright (c) 1995-2013 Xilinx, Inc.  All rights reserved.
--> Parameter TMPDIR set to xst/projnav.tmp


Total REAL time to Xst completion: 0.00 secs
Total CPU time to Xst completion: 0.10 secs
 
--> Parameter xsthdpdir set to xst


Total REAL time to Xst completion: 0.00 secs
Total CPU time to Xst completion: 0.10 secs
 
--> Reading design: Indicator01.prj

TABLE OF CONTENTS
  1) Synthesis Options Summary
  2) HDL Parsing
  3) HDL Elaboration
  4) HDL Synthesis
       4.1) HDL Synthesis Report
  5) Advanced HDL Synthesis
       5.1) Advanced HDL Synthesis Report
  6) Low Level Synthesis
  7) Partition Report
  8) Design Summary
       8.1) Primitive and Black Box Usage
       8.2) Device utilization summary
       8.3) Partition Resource Summary
       8.4) Timing Report
            8.4.1) Clock Information
            8.4.2) Asynchronous Control Signals Information
            8.4.3) Timing Summary
            8.4.4) Timing Details
            8.4.5) Cross Clock Domains Report


=========================================================================
*                      Synthesis Options Summary                        *
=========================================================================
---- Source Parameters
Input File Name                    : "Indicator01.prj"
Ignore Synthesis Constraint File   : NO

---- Target Parameters
Output File Name                   : "Indicator01"
Output Format                      : NGC
Target Device                      : xc6slx16-2-ftg256

---- Source Options
Top Module Name                    : Indicator01
Automatic FSM Extraction           : YES
FSM Encoding Algorithm             : Auto
Safe Implementation                : No
FSM Style                          : LUT
RAM Extraction                     : Yes
RAM Style                          : Auto
ROM Extraction                     : Yes
Shift Register Extraction          : YES
ROM Style                          : Auto
Resource Sharing                   : YES
Asynchronous To Synchronous        : NO
Shift Register Minimum Size        : 2
Use DSP Block                      : Auto
Automatic Register Balancing       : No

---- Target Options
LUT Combining                      : Auto
Reduce Control Sets                : Auto
Add IO Buffers                     : YES
Global Maximum Fanout              : 100000
Add Generic Clock Buffer(BUFG)     : 16
Register Duplication               : YES
Optimize Instantiated Primitives   : NO
Use Clock Enable                   : Auto
Use Synchronous Set                : Auto
Use Synchronous Reset              : Auto
Pack IO Registers into IOBs        : Auto
Equivalent register Removal        : YES

---- General Options
Optimization Goal                  : Speed
Optimization Effort                : 1
Power Reduction                    : NO
Keep Hierarchy                     : No
Netlist Hierarchy                  : As_Optimized
RTL Output                         : Yes
Global Optimization                : AllClockNets
Read Cores                         : YES
Write Timing Constraints           : NO
Cross Clock Analysis               : NO
Hierarchy Separator                : /
Bus Delimiter                      : <>
Case Specifier                     : Maintain
Slice Utilization Ratio            : 100
BRAM Utilization Ratio             : 100
DSP48 Utilization Ratio            : 100
Auto BRAM Packing                  : NO
Slice Utilization Ratio Delta      : 5

=========================================================================


=========================================================================
*                          HDL Parsing                                  *
=========================================================================
Parsing VHDL file "C:\FPGA\ISE_14_7\ISE_projs\DELETE\Test-INDIC-VHDL\INDIC-VHDL.vhd" into library work
Parsing entity <Indicator01>.
Parsing architecture <A_Indicator01> of entity <indicator01>.

=========================================================================
*                            HDL Elaboration                            *
=========================================================================

Elaborating entity <Indicator01> (architecture <A_Indicator01>) from library <work>.

=========================================================================
*                           HDL Synthesis                               *
=========================================================================

Synthesizing Unit <Indicator01>.
    Related source file is "C:\FPGA\ISE_14_7\ISE_projs\DELETE\Test-INDIC-VHDL\INDIC-VHDL.vhd".
    Found 32-bit register for signal <counter>.
    Found 1-bit register for signal <l_led>.
    Found 1-bit register for signal <r_led>.
    Found 1-bit register for signal <s_o_A>.
    Found 1-bit register for signal <s_o_B>.
    Found 1-bit register for signal <s_o_C>.
    Found 1-bit register for signal <s_o_D>.
    Found 1-bit register for signal <s_o_E>.
    Found 1-bit register for signal <s_o_F>.
    Found 1-bit register for signal <s_INDoPower>.
    Found 32-bit adder for signal <counter[31]_GND_6_o_add_1_OUT> created at line 46.
    Found 32-bit comparator greater for signal <counter[31]_GND_6_o_LessThan_5_o> created at line 57
    Found 32-bit comparator greater for signal <counter[31]_GND_6_o_LessThan_6_o> created at line 78
    Found 32-bit comparator greater for signal <counter[31]_GND_6_o_LessThan_7_o> created at line 86
    Found 32-bit comparator greater for signal <counter[31]_GND_6_o_LessThan_8_o> created at line 94
    Found 32-bit comparator greater for signal <counter[31]_GND_6_o_LessThan_9_o> created at line 102
    Found 32-bit comparator greater for signal <counter[31]_GND_6_o_LessThan_10_o> created at line 110
    Summary:
	inferred   1 Adder/Subtractor(s).
	inferred  41 D-type flip-flop(s).
	inferred   6 Comparator(s).
	inferred  15 Multiplexer(s).
Unit <Indicator01> synthesized.

=========================================================================
HDL Synthesis Report

Macro Statistics
# Adders/Subtractors                                   : 1
 32-bit adder                                          : 1
# Registers                                            : 10
 1-bit register                                        : 9
 32-bit register                                       : 1
# Comparators                                          : 6
 32-bit comparator greater                             : 6
# Multiplexers                                         : 15
 1-bit 2-to-1 multiplexer                              : 14
 32-bit 2-to-1 multiplexer                             : 1

=========================================================================

=========================================================================
*                       Advanced HDL Synthesis                          *
=========================================================================


Synthesizing (advanced) Unit <Indicator01>.
The following registers are absorbed into counter <counter>: 1 register on signal <counter>.
Unit <Indicator01> synthesized (advanced).

=========================================================================
Advanced HDL Synthesis Report

Macro Statistics
# Counters                                             : 1
 32-bit up counter                                     : 1
# Registers                                            : 9
 Flip-Flops                                            : 9
# Comparators                                          : 6
 32-bit comparator greater                             : 6
# Multiplexers                                         : 14
 1-bit 2-to-1 multiplexer                              : 14

=========================================================================

=========================================================================
*                         Low Level Synthesis                           *
=========================================================================
WARNING:Xst:3002 - This design contains one or more registers/latches that are directly
   incompatible with the Spartan6 architecture. The two primary causes of this is
   either a register or latch described with both an asynchronous set and
   asynchronous reset, or a register or latch described with an asynchronous
   set or reset which however has an initialization value of the opposite 
   polarity (i.e. asynchronous reset with an initialization value of 1).
    While this circuit can be built, it creates a sub-optimal implementation
   in terms of area, power and performance. For a more optimal implementation
   Xilinx highly recommends one of the following:

          1) Remove either the set or reset from all registers and latches
             if not needed for required functionality
          2) Modify the code in order to produce a synchronous set
             and/or reset (both is preferred)
          3) Ensure all registers have the same initialization value as the
             described asynchronous set or reset polarity
          4) Use the -async_to_sync option to transform the asynchronous
             set/reset to synchronous operation
             (timing simulation highly recommended when using this option)

  Please refer to http://www.xilinx.com search string "Spartan6 asynchronous set/reset" for more details.

  List of register instances with asynchronous set or reset and opposite initialization value:
    s_o_F in unit <Indicator01>
    s_o_E in unit <Indicator01>
    s_o_D in unit <Indicator01>
    s_o_C in unit <Indicator01>
    s_o_B in unit <Indicator01>
    r_led in unit <Indicator01>
    s_INDoPower in unit <Indicator01>
    s_o_A in unit <Indicator01>
    l_led in unit <Indicator01>


Optimizing unit <Indicator01> ...
WARNING:Xst:1293 - FF/Latch <counter_26> has a constant value of 0 in block <Indicator01>. This FF/Latch will be trimmed during the optimization process.
WARNING:Xst:1896 - Due to other FF/Latch trimming, FF/Latch <counter_27> has a constant value of 0 in block <Indicator01>. This FF/Latch will be trimmed during the optimization process.
WARNING:Xst:1896 - Due to other FF/Latch trimming, FF/Latch <counter_28> has a constant value of 0 in block <Indicator01>. This FF/Latch will be trimmed during the optimization process.
WARNING:Xst:1896 - Due to other FF/Latch trimming, FF/Latch <counter_29> has a constant value of 0 in block <Indicator01>. This FF/Latch will be trimmed during the optimization process.
WARNING:Xst:1896 - Due to other FF/Latch trimming, FF/Latch <counter_30> has a constant value of 0 in block <Indicator01>. This FF/Latch will be trimmed during the optimization process.
WARNING:Xst:1896 - Due to other FF/Latch trimming, FF/Latch <counter_31> has a constant value of 0 in block <Indicator01>. This FF/Latch will be trimmed during the optimization process.

Mapping all equations...
Building and optimizing final netlist ...
Found area constraint ratio of 100 (+ 5) on block Indicator01, actual ratio is 1.
WARNING:Xst:1426 - The value init of the FF/Latch l_led_LD hinder the constant cleaning in the block Indicator01.
   You should achieve better results by setting this init to 0.

Final Macro Processing ...

=========================================================================
Final Register Report

Macro Statistics
# Registers                                            : 43
 Flip-Flops                                            : 43

=========================================================================

=========================================================================
*                           Partition Report                            *
=========================================================================

Partition Implementation Status
-------------------------------

  No Partitions were found in this design.

-------------------------------

=========================================================================
*                            Design Summary                             *
=========================================================================

Top Level Output File Name         : Indicator01.ngc

Primitive and Black Box Usage:
------------------------------
# BELS                             : 199
#      GND                         : 1
#      INV                         : 5
#      LUT1                        : 25
#      LUT2                        : 32
#      LUT3                        : 12
#      LUT4                        : 9
#      LUT5                        : 26
#      LUT6                        : 6
#      MUXCY                       : 56
#      VCC                         : 1
#      XORCY                       : 26
# FlipFlops/Latches                : 44
#      FD                          : 8
#      FDC                         : 35
#      LD                          : 1
# Clock Buffers                    : 2
#      BUFG                        : 1
#      BUFGP                       : 1
# IO Buffers                       : 10
#      IBUF                        : 1
#      OBUF                        : 9

Device utilization summary:
---------------------------

Selected Device : 6slx16ftg256-2 


Slice Logic Utilization: 
 Number of Slice Registers:              44  out of  18224     0%  
 Number of Slice LUTs:                  115  out of   9112     1%  
    Number used as Logic:               115  out of   9112     1%  

Slice Logic Distribution: 
 Number of LUT Flip Flop pairs used:    121
   Number with an unused Flip Flop:      77  out of    121    63%  
   Number with an unused LUT:             6  out of    121     4%  
   Number of fully used LUT-FF pairs:    38  out of    121    31%  
   Number of unique control sets:         3

IO Utilization: 
 Number of IOs:                          11
 Number of bonded IOBs:                  11  out of    186     5%  

Specific Feature Utilization:
 Number of BUFG/BUFGCTRLs:                2  out of     16    12%  

---------------------------
Partition Resource Summary:
---------------------------

  No Partitions were found in this design.

---------------------------


=========================================================================
Timing Report

NOTE: THESE TIMING NUMBERS ARE ONLY A SYNTHESIS ESTIMATE.
      FOR ACCURATE TIMING INFORMATION PLEASE REFER TO THE TRACE REPORT
      GENERATED AFTER PLACE-and-ROUTE.

Clock Information:
------------------
-----------------------------------+------------------------+-------+
Clock Signal                       | Clock buffer(FF name)  | Load  |
-----------------------------------+------------------------+-------+
sys_clk                            | BUFGP                  | 43    |
sys_rst_n                          | IBUF+BUFG              | 1     |
-----------------------------------+------------------------+-------+

Asynchronous Control Signals Information:
----------------------------------------
No asynchronous control signals found in this design

Timing Summary:
---------------
Speed Grade: -2

   Minimum period: 4.781ns (Maximum Frequency: 209.161MHz)
   Minimum input arrival time before clock: 4.292ns
   Maximum output required time after clock: 5.613ns
   Maximum combinational path delay: No path found

Timing Details:
---------------
All values displayed in nanoseconds (ns)

=========================================================================
Timing constraint: Default period analysis for Clock 'sys_clk'
  Clock period: 4.781ns (frequency: 209.161MHz)
  Total number of paths / destination ports: 2291 / 42
-------------------------------------------------------------------------
Delay:               4.781ns (Levels of Logic = 3)
  Source:            counter_21 (FF)
  Destination:       counter_0 (FF)
  Source Clock:      sys_clk rising
  Destination Clock: sys_clk rising

  Data Path: counter_21 to counter_0
                                Gate     Net
    Cell:in->out      fanout   Delay   Delay  Logical Name (Net Name)
    ----------------------------------------  ------------
     FDC:C->Q             10   0.525   1.463  counter_21 (counter_21)
     LUT6:I0->O            2   0.254   0.834  GND_6_o_GND_6_o_equal_1_o<31>1 (GND_6_o_GND_6_o_equal_1_o<31>)
     LUT6:I4->O           14   0.250   1.127  GND_6_o_GND_6_o_equal_1_o<31>5 (GND_6_o_GND_6_o_equal_1_o)
     LUT2:I1->O            1   0.254   0.000  Mcount_counter_eqn_01 (Mcount_counter_eqn_0)
     FDC:D                     0.074          counter_0
    ----------------------------------------
    Total                      4.781ns (1.357ns logic, 3.424ns route)
                                       (28.4% logic, 71.6% route)

=========================================================================
Timing constraint: Default OFFSET IN BEFORE for Clock 'sys_clk'
  Total number of paths / destination ports: 35 / 35
-------------------------------------------------------------------------
Offset:              4.292ns (Levels of Logic = 2)
  Source:            sys_rst_n (PAD)
  Destination:       counter_0 (FF)
  Destination Clock: sys_clk rising

  Data Path: sys_rst_n to counter_0
                                Gate     Net
    Cell:in->out      fanout   Delay   Delay  Logical Name (Net Name)
    ----------------------------------------  ------------
     IBUF:I->O             1   1.328   0.681  sys_rst_n_IBUF (sys_rst_n_IBUF)
     INV:I->O             35   0.255   1.569  sys_rst_n_IBUF_BUFG_LUT1_INV_0 (sys_rst_n_IBUF_BUFG_LUT1)
     FDC:CLR                   0.459          counter_0
    ----------------------------------------
    Total                      4.292ns (2.042ns logic, 2.250ns route)
                                       (47.6% logic, 52.4% route)

=========================================================================
Timing constraint: Default OFFSET OUT AFTER for Clock 'sys_rst_n'
  Total number of paths / destination ports: 9 / 9
-------------------------------------------------------------------------
Offset:              5.613ns (Levels of Logic = 2)
  Source:            l_led_LD (LATCH)
  Destination:       led_1 (PAD)
  Source Clock:      sys_rst_n rising

  Data Path: l_led_LD to led_1
                                Gate     Net
    Cell:in->out      fanout   Delay   Delay  Logical Name (Net Name)
    ----------------------------------------  ------------
     LD:G->Q               9   0.581   1.204  l_led_LD (l_led_LD)
     LUT3:I0->O            1   0.235   0.681  l_led1 (l_led)
     OBUF:I->O                 2.912          led_1_OBUF (led_1)
    ----------------------------------------
    Total                      5.613ns (3.728ns logic, 1.885ns route)
                                       (66.4% logic, 33.6% route)

=========================================================================
Timing constraint: Default OFFSET OUT AFTER for Clock 'sys_clk'
  Total number of paths / destination ports: 17 / 9
-------------------------------------------------------------------------
Offset:              5.158ns (Levels of Logic = 2)
  Source:            l_led_P (FF)
  Destination:       led_1 (PAD)
  Source Clock:      sys_clk rising

  Data Path: l_led_P to led_1
                                Gate     Net
    Cell:in->out      fanout   Delay   Delay  Logical Name (Net Name)
    ----------------------------------------  ------------
     FD:C->Q               1   0.525   0.790  l_led_P (l_led_P)
     LUT3:I1->O            1   0.250   0.681  l_led1 (l_led)
     OBUF:I->O                 2.912          led_1_OBUF (led_1)
    ----------------------------------------
    Total                      5.158ns (3.687ns logic, 1.471ns route)
                                       (71.5% logic, 28.5% route)

=========================================================================

Cross Clock Domains Report:
--------------------------

Clock to Setup on destination clock sys_clk
---------------+---------+---------+---------+---------+
               | Src:Rise| Src:Fall| Src:Rise| Src:Fall|
Source Clock   |Dest:Rise|Dest:Rise|Dest:Fall|Dest:Fall|
---------------+---------+---------+---------+---------+
sys_clk        |    4.781|         |         |         |
---------------+---------+---------+---------+---------+

=========================================================================


Total REAL time to Xst completion: 6.00 secs
Total CPU time to Xst completion: 5.47 secs
 
--> 

Total memory usage is 277652 kilobytes

Number of errors   :    0 (   0 filtered)
Number of warnings :    8 (   0 filtered)
Number of infos    :    0 (   0 filtered)

